<?xml version="1.0" encoding="UTF-8"?>
<!-- Generated by org.testng.reporters.JUnitReportReporter -->
<testsuite hostname="DESKTOP-I67EOTR" failures="0" tests="3" name="com.crm.qa.testcases.HomePageTest" time="51.509" errors="0" timestamp="29 Apr 2019 16:43:31 GMT" skipped="0">
  <testcase classname="com.crm.qa.testcases.HomePageTest" name="veryfyHomePageTitleTest" time="18.221"/>
  <testcase classname="com.crm.qa.testcases.HomePageTest" name="veryfyUserNameTest" time="16.107"/>
  <testcase classname="com.crm.qa.testcases.HomePageTest" name="veryfyContactLinkTesta" time="17.181"/>
</testsuite> <!-- com.crm.qa.testcases.HomePageTest -->
